<?xml version="1.0" encoding="UTF-8"?>
<!-- Generated by org.testng.reporters.JUnitReportReporter -->
<testsuite hostname="LAPTOP-969R18B4" failures="0" tests="8" name="com.ezyvet.demo.bookDemoNegativeTest" time="4.170" errors="0" timestamp="2021-08-24T22:41:00 BST" skipped="0">
  <testcase classname="com.ezyvet.demo.bookDemoNegativeTest" name="LastName" time="0.005"/>
  <system-out/>
  <testcase classname="com.ezyvet.demo.bookDemoNegativeTest" name="Country" time="0.037"/>
  <system-out/>
  <testcase classname="com.ezyvet.demo.bookDemoNegativeTest" name="PhoneAreaCode" time="0.355"/>
  <system-out/>
  <testcase classname="com.ezyvet.demo.bookDemoNegativeTest" name="FirstName" time="0.004"/>
  <system-out/>
  <testcase classname="com.ezyvet.demo.bookDemoNegativeTest" name="AAAsubmit" time="3.662"/>
  <system-out/>
  <testcase classname="com.ezyvet.demo.bookDemoNegativeTest" name="Email" time="0.015"/>
  <system-out/>
  <testcase classname="com.ezyvet.demo.bookDemoNegativeTest" name="ClinicName" time="0.082"/>
  <system-out/>
  <testcase classname="com.ezyvet.demo.bookDemoNegativeTest" name="Phonenumber" time="0.010"/>
  <system-out/>
</testsuite> <!-- com.ezyvet.demo.bookDemoNegativeTest -->
